<?xml version="1.0" encoding="UTF-8"?>
<testsuite xmlns:xsi="http://www.w3.org/2001/XMLSchema-instance" xsi:noNamespaceSchemaLocation="https://maven.apache.org/surefire/maven-surefire-plugin/xsd/surefire-test-report.xsd" name="edu.dalhousie.business.payment.model.PaymentDetailsTest" time="0.001" tests="4" errors="0" skipped="0" failures="0">
  <properties>
[...]
</properties>
  <testcase name="getCourseTypeTest" classname="edu.dalhousie.business.payment.model.PaymentDetailsTest" time="0"/>
  <testcase name="getCourseIdTest" classname="edu.dalhousie.business.payment.model.PaymentDetailsTest" time="0"/>
  <testcase name="getCourseNameTest" classname="edu.dalhousie.business.payment.model.PaymentDetailsTest" time="0"/>
  <testcase name="getStudentIdTest" classname="edu.dalhousie.business.payment.model.PaymentDetailsTest" time="0"/>
</testsuite>